<?xml version="1.0" encoding="UTF-8"?>
<!-- Generated by org.testng.reporters.JUnitReportReporter -->
<testsuite hostname="ATL-ASHARMA3" failures="0" tests="1" name="GitAndRest.RestAssured2025.ComplexJsonParse" time="0.850" errors="0" timestamp="2025-01-06T12:31:51 EST" skipped="0">
  <testcase classname="GitAndRest.RestAssured2025.ComplexJsonParse" name="complexJsonTest" time="0.850"/>
</testsuite> <!-- GitAndRest.RestAssured2025.ComplexJsonParse -->
